<?xml version="1.0" encoding="UTF-8"?>
<!-- Generated by org.testng.reporters.JUnitReportReporter -->
<testsuite hostname="BELAKOR-PCW10" failures="0" tests="2" name="FrameworkTutorialPart3_22.Mavenjava.AppiumTest" time="0.003" errors="0" timestamp="2021-08-22T13:29:59 CEST" skipped="0">
  <testcase classname="FrameworkTutorialPart3_22.Mavenjava.AppiumTest" name="IOSApps" time="0.003"/>
  <system-out/>
  <testcase classname="FrameworkTutorialPart3_22.Mavenjava.AppiumTest" name="NativeAppAndroid" time="0.000"/>
  <system-out/>
</testsuite> <!-- FrameworkTutorialPart3_22.Mavenjava.AppiumTest -->
