<?xml version="1.0" encoding="UTF-8"?>
<!-- Generated by org.testng.reporters.JUnitReportReporter -->
<testsuite hostname="BELAKOR-PCW10" failures="0" tests="2" name="FrameworkTutorialPart3_22.Mavenjava.RESTAPITest" time="0.000" errors="0" timestamp="2021-08-22T13:29:41 CEST" skipped="0">
  <testcase classname="FrameworkTutorialPart3_22.Mavenjava.RESTAPITest" name="deleteTwitter" time="0.000"/>
  <system-out/>
  <testcase classname="FrameworkTutorialPart3_22.Mavenjava.RESTAPITest" name="postJira" time="0.000"/>
  <system-out/>
</testsuite> <!-- FrameworkTutorialPart3_22.Mavenjava.RESTAPITest -->
